\BOOKMARK [1][-]{section.1}{Introduction}{}% 1
\BOOKMARK [1][-]{section.2}{Web Browser Kernel}{}% 2
\BOOKMARK [2][-]{subsection.2.1}{Intent}{section.2}% 3
\BOOKMARK [2][-]{subsection.2.2}{Example}{section.2}% 4
\BOOKMARK [2][-]{subsection.2.3}{Context}{section.2}% 5
\BOOKMARK [2][-]{subsection.2.4}{Problem}{section.2}% 6
\BOOKMARK [2][-]{subsection.2.5}{Solution}{section.2}% 7
\BOOKMARK [3][-]{subsubsection.2.5.1}{Structure}{subsection.2.5}% 8
\BOOKMARK [3][-]{subsubsection.2.5.2}{Dynamics}{subsection.2.5}% 9
\BOOKMARK [3][-]{subsubsection.2.5.3}{Summary}{subsection.2.5}% 10
\BOOKMARK [3][-]{subsubsection.2.5.4}{Actor}{subsection.2.5}% 11
\BOOKMARK [3][-]{subsubsection.2.5.5}{Preconditions}{subsection.2.5}% 12
\BOOKMARK [3][-]{subsubsection.2.5.6}{Description}{subsection.2.5}% 13
\BOOKMARK [3][-]{subsubsection.2.5.7}{Alternative Flows}{subsection.2.5}% 14
\BOOKMARK [3][-]{subsubsection.2.5.8}{Postconditions}{subsection.2.5}% 15
\BOOKMARK [2][-]{subsection.2.6}{Implementation}{section.2}% 16
\BOOKMARK [2][-]{subsection.2.7}{Consequences}{section.2}% 17
\BOOKMARK [2][-]{subsection.2.8}{Example Resolved}{section.2}% 18
\BOOKMARK [2][-]{subsection.2.9}{Known Uses}{section.2}% 19
\BOOKMARK [2][-]{subsection.2.10}{Related Patterns}{section.2}% 20
\BOOKMARK [2][-]{subsection.2.11}{Conclusion and Future Work}{section.2}% 21
